0 info it worked if it ends with ok
1 verbose cli [ 'c:\\Program Files\\nodejs\\node.exe',
1 verbose cli   'c:\\Program Files\\nodejs\\node_modules\\npm\\bin\\npm-cli.js',
1 verbose cli   'publish' ]
2 info using npm@1.3.5
3 info using node@v0.10.15
4 verbose publish [ '.' ]
5 verbose cache add [ '.', null ]
6 verbose cache add name=undefined spec="." args=[".",null]
7 verbose parsed url { protocol: null,
7 verbose parsed url   slashes: null,
7 verbose parsed url   auth: null,
7 verbose parsed url   host: null,
7 verbose parsed url   port: null,
7 verbose parsed url   hostname: null,
7 verbose parsed url   hash: null,
7 verbose parsed url   search: null,
7 verbose parsed url   query: null,
7 verbose parsed url   pathname: '.',
7 verbose parsed url   path: '.',
7 verbose parsed url   href: '.' }
8 silly lockFile 3a52ce78- .
9 verbose lock . C:\Users\Vitor\AppData\Roaming\npm-cache\3a52ce78-.lock
10 verbose tar pack [ 'C:\\Users\\Vitor\\AppData\\Local\\Temp\\npm-3820-O_inGOmX\\1377651937695-0.3537081715185195\\tmp.tgz',
10 verbose tar pack   '.' ]
11 verbose tarball C:\Users\Vitor\AppData\Local\Temp\npm-3820-O_inGOmX\1377651937695-0.3537081715185195\tmp.tgz
12 verbose folder .
13 info prepublish generator-angularseed@0.1.4
14 silly lockFile 1f1177db-tar tar://.
15 verbose lock tar://. C:\Users\Vitor\AppData\Roaming\npm-cache\1f1177db-tar.lock
16 silly lockFile 89ed2aab-37695-0-3537081715185195-tmp-tgz tar://C:\Users\Vitor\AppData\Local\Temp\npm-3820-O_inGOmX\1377651937695-0.3537081715185195\tmp.tgz
17 verbose lock tar://C:\Users\Vitor\AppData\Local\Temp\npm-3820-O_inGOmX\1377651937695-0.3537081715185195\tmp.tgz C:\Users\Vitor\AppData\Roaming\npm-cache\89ed2aab-37695-0-3537081715185195-tmp-tgz.lock
18 silly lockFile 1f1177db-tar tar://.
19 silly lockFile 1f1177db-tar tar://.
20 silly lockFile 89ed2aab-37695-0-3537081715185195-tmp-tgz tar://C:\Users\Vitor\AppData\Local\Temp\npm-3820-O_inGOmX\1377651937695-0.3537081715185195\tmp.tgz
21 silly lockFile 89ed2aab-37695-0-3537081715185195-tmp-tgz tar://C:\Users\Vitor\AppData\Local\Temp\npm-3820-O_inGOmX\1377651937695-0.3537081715185195\tmp.tgz
22 verbose tar unpack C:\Users\Vitor\AppData\Local\Temp\npm-3820-O_inGOmX\1377651937695-0.3537081715185195\tmp.tgz
23 silly lockFile 8d997a13-37695-0-3537081715185195-package tar://C:\Users\Vitor\AppData\Local\Temp\npm-3820-O_inGOmX\1377651937695-0.3537081715185195\package
24 verbose lock tar://C:\Users\Vitor\AppData\Local\Temp\npm-3820-O_inGOmX\1377651937695-0.3537081715185195\package C:\Users\Vitor\AppData\Roaming\npm-cache\8d997a13-37695-0-3537081715185195-package.lock
25 silly lockFile 89ed2aab-37695-0-3537081715185195-tmp-tgz tar://C:\Users\Vitor\AppData\Local\Temp\npm-3820-O_inGOmX\1377651937695-0.3537081715185195\tmp.tgz
26 verbose lock tar://C:\Users\Vitor\AppData\Local\Temp\npm-3820-O_inGOmX\1377651937695-0.3537081715185195\tmp.tgz C:\Users\Vitor\AppData\Roaming\npm-cache\89ed2aab-37695-0-3537081715185195-tmp-tgz.lock
27 silly gunzTarPerm modes [ '755', '644' ]
28 silly gunzTarPerm extractEntry package.json
29 silly gunzTarPerm modified mode [ 'package.json', 438, 420 ]
30 silly gunzTarPerm extractEntry .npmignore
31 silly gunzTarPerm modified mode [ '.npmignore', 438, 420 ]
32 silly gunzTarPerm extractEntry README.md
33 silly gunzTarPerm modified mode [ 'README.md', 438, 420 ]
34 silly gunzTarPerm extractEntry LICENSE
35 silly gunzTarPerm modified mode [ 'LICENSE', 438, 420 ]
36 silly gunzTarPerm extractEntry app/index.js
37 silly gunzTarPerm modified mode [ 'app/index.js', 438, 420 ]
38 silly gunzTarPerm extractEntry app/templates/_services.js
39 silly gunzTarPerm modified mode [ 'app/templates/_services.js', 438, 420 ]
40 silly gunzTarPerm extractEntry app/templates/Gruntfile.js
41 silly gunzTarPerm modified mode [ 'app/templates/Gruntfile.js', 438, 420 ]
42 silly gunzTarPerm extractEntry app/templates/karma-e2e.conf.js
43 silly gunzTarPerm modified mode [ 'app/templates/karma-e2e.conf.js', 438, 420 ]
44 silly gunzTarPerm extractEntry app/templates/karma.conf.js
45 silly gunzTarPerm modified mode [ 'app/templates/karma.conf.js', 438, 420 ]
46 silly gunzTarPerm extractEntry app/templates/_app.js
47 silly gunzTarPerm modified mode [ 'app/templates/_app.js', 438, 420 ]
48 silly gunzTarPerm extractEntry app/templates/_controllers.js
49 silly gunzTarPerm modified mode [ 'app/templates/_controllers.js', 438, 420 ]
50 silly gunzTarPerm extractEntry app/templates/_directives.js
51 silly gunzTarPerm modified mode [ 'app/templates/_directives.js', 438, 420 ]
52 silly gunzTarPerm extractEntry app/templates/_filters.js
53 silly gunzTarPerm modified mode [ 'app/templates/_filters.js', 438, 420 ]
54 silly gunzTarPerm extractEntry app/templates/gitignore
55 silly gunzTarPerm modified mode [ 'app/templates/gitignore', 438, 420 ]
56 silly gunzTarPerm extractEntry app/templates/robots.txt
57 silly gunzTarPerm modified mode [ 'app/templates/robots.txt', 438, 420 ]
58 silly gunzTarPerm extractEntry app/templates/aws-config.json
59 silly gunzTarPerm modified mode [ 'app/templates/aws-config.json', 438, 420 ]
60 silly gunzTarPerm extractEntry app/templates/view1.html
61 silly gunzTarPerm modified mode [ 'app/templates/view1.html', 438, 420 ]
62 silly gunzTarPerm extractEntry app/templates/gitkeep
63 silly gunzTarPerm modified mode [ 'app/templates/gitkeep', 438, 420 ]
64 silly gunzTarPerm extractEntry app/templates/_bower.json
65 silly gunzTarPerm modified mode [ 'app/templates/_bower.json', 438, 420 ]
66 silly gunzTarPerm extractEntry app/templates/app.css
67 silly gunzTarPerm modified mode [ 'app/templates/app.css', 438, 420 ]
68 silly gunzTarPerm extractEntry app/templates/jshintrc
69 silly gunzTarPerm modified mode [ 'app/templates/jshintrc', 438, 420 ]
70 silly gunzTarPerm extractEntry app/templates/editorconfig
71 silly gunzTarPerm modified mode [ 'app/templates/editorconfig', 438, 420 ]
72 silly gunzTarPerm extractEntry app/templates/_index.html
73 silly gunzTarPerm modified mode [ 'app/templates/_index.html', 438, 420 ]
74 silly gunzTarPerm extractEntry app/templates/_package.json
75 silly gunzTarPerm modified mode [ 'app/templates/_package.json', 438, 420 ]
76 silly gunzTarPerm extractEntry app/templates/travis.yml
77 silly gunzTarPerm modified mode [ 'app/templates/travis.yml', 438, 420 ]
78 silly gunzTarPerm extractEntry .gitattributes
79 silly gunzTarPerm modified mode [ '.gitattributes', 438, 420 ]
80 silly gunzTarPerm extractEntry .editorconfig
81 silly gunzTarPerm modified mode [ '.editorconfig', 438, 420 ]
82 silly gunzTarPerm extractEntry .jshintrc
83 silly gunzTarPerm modified mode [ '.jshintrc', 438, 420 ]
84 silly gunzTarPerm extractEntry .travis.yml
85 silly gunzTarPerm modified mode [ '.travis.yml', 438, 420 ]
86 silly gunzTarPerm extractEntry test/test-creation.js
87 silly gunzTarPerm modified mode [ 'test/test-creation.js', 438, 420 ]
88 silly gunzTarPerm extractEntry test/test-load.js
89 silly gunzTarPerm modified mode [ 'test/test-load.js', 438, 420 ]
90 silly lockFile 8d997a13-37695-0-3537081715185195-package tar://C:\Users\Vitor\AppData\Local\Temp\npm-3820-O_inGOmX\1377651937695-0.3537081715185195\package
91 silly lockFile 8d997a13-37695-0-3537081715185195-package tar://C:\Users\Vitor\AppData\Local\Temp\npm-3820-O_inGOmX\1377651937695-0.3537081715185195\package
92 silly lockFile 89ed2aab-37695-0-3537081715185195-tmp-tgz tar://C:\Users\Vitor\AppData\Local\Temp\npm-3820-O_inGOmX\1377651937695-0.3537081715185195\tmp.tgz
93 silly lockFile 89ed2aab-37695-0-3537081715185195-tmp-tgz tar://C:\Users\Vitor\AppData\Local\Temp\npm-3820-O_inGOmX\1377651937695-0.3537081715185195\tmp.tgz
94 verbose tar pack [ 'C:\\Users\\Vitor\\AppData\\Roaming\\npm-cache\\generator-angularseed\\0.1.4\\package.tgz',
94 verbose tar pack   'C:\\Users\\Vitor\\AppData\\Local\\Temp\\npm-3820-O_inGOmX\\1377651937695-0.3537081715185195\\package' ]
95 verbose tarball C:\Users\Vitor\AppData\Roaming\npm-cache\generator-angularseed\0.1.4\package.tgz
96 verbose folder C:\Users\Vitor\AppData\Local\Temp\npm-3820-O_inGOmX\1377651937695-0.3537081715185195\package
97 silly lockFile 8d997a13-37695-0-3537081715185195-package tar://C:\Users\Vitor\AppData\Local\Temp\npm-3820-O_inGOmX\1377651937695-0.3537081715185195\package
98 verbose lock tar://C:\Users\Vitor\AppData\Local\Temp\npm-3820-O_inGOmX\1377651937695-0.3537081715185195\package C:\Users\Vitor\AppData\Roaming\npm-cache\8d997a13-37695-0-3537081715185195-package.lock
99 silly lockFile b32d5896-or-angularseed-0-1-4-package-tgz tar://C:\Users\Vitor\AppData\Roaming\npm-cache\generator-angularseed\0.1.4\package.tgz
100 verbose lock tar://C:\Users\Vitor\AppData\Roaming\npm-cache\generator-angularseed\0.1.4\package.tgz C:\Users\Vitor\AppData\Roaming\npm-cache\b32d5896-or-angularseed-0-1-4-package-tgz.lock
101 silly lockFile 8d997a13-37695-0-3537081715185195-package tar://C:\Users\Vitor\AppData\Local\Temp\npm-3820-O_inGOmX\1377651937695-0.3537081715185195\package
102 silly lockFile 8d997a13-37695-0-3537081715185195-package tar://C:\Users\Vitor\AppData\Local\Temp\npm-3820-O_inGOmX\1377651937695-0.3537081715185195\package
103 silly lockFile b32d5896-or-angularseed-0-1-4-package-tgz tar://C:\Users\Vitor\AppData\Roaming\npm-cache\generator-angularseed\0.1.4\package.tgz
104 silly lockFile b32d5896-or-angularseed-0-1-4-package-tgz tar://C:\Users\Vitor\AppData\Roaming\npm-cache\generator-angularseed\0.1.4\package.tgz
105 silly lockFile c6b4fad8-erator-angularseed-0-1-4-package C:\Users\Vitor\AppData\Roaming\npm-cache\generator-angularseed\0.1.4\package
106 verbose lock C:\Users\Vitor\AppData\Roaming\npm-cache\generator-angularseed\0.1.4\package C:\Users\Vitor\AppData\Roaming\npm-cache\c6b4fad8-erator-angularseed-0-1-4-package.lock
107 silly lockFile c6b4fad8-erator-angularseed-0-1-4-package C:\Users\Vitor\AppData\Roaming\npm-cache\generator-angularseed\0.1.4\package
108 silly lockFile c6b4fad8-erator-angularseed-0-1-4-package C:\Users\Vitor\AppData\Roaming\npm-cache\generator-angularseed\0.1.4\package
109 verbose tar unpack C:\Users\Vitor\AppData\Roaming\npm-cache\generator-angularseed\0.1.4\package.tgz
110 silly lockFile 033a165b-erator-angularseed-0-1-4-package tar://C:\Users\Vitor\AppData\Roaming\npm-cache\generator-angularseed\0.1.4\package
111 verbose lock tar://C:\Users\Vitor\AppData\Roaming\npm-cache\generator-angularseed\0.1.4\package C:\Users\Vitor\AppData\Roaming\npm-cache\033a165b-erator-angularseed-0-1-4-package.lock
112 silly lockFile b32d5896-or-angularseed-0-1-4-package-tgz tar://C:\Users\Vitor\AppData\Roaming\npm-cache\generator-angularseed\0.1.4\package.tgz
113 verbose lock tar://C:\Users\Vitor\AppData\Roaming\npm-cache\generator-angularseed\0.1.4\package.tgz C:\Users\Vitor\AppData\Roaming\npm-cache\b32d5896-or-angularseed-0-1-4-package-tgz.lock
114 silly gunzTarPerm modes [ '755', '644' ]
115 silly gunzTarPerm extractEntry package.json
116 silly gunzTarPerm modified mode [ 'package.json', 438, 420 ]
117 silly gunzTarPerm extractEntry .npmignore
118 silly gunzTarPerm modified mode [ '.npmignore', 438, 420 ]
119 silly gunzTarPerm extractEntry README.md
120 silly gunzTarPerm modified mode [ 'README.md', 438, 420 ]
121 silly gunzTarPerm extractEntry LICENSE
122 silly gunzTarPerm modified mode [ 'LICENSE', 438, 420 ]
123 silly gunzTarPerm extractEntry .editorconfig
124 silly gunzTarPerm modified mode [ '.editorconfig', 438, 420 ]
125 silly gunzTarPerm extractEntry .gitattributes
126 silly gunzTarPerm modified mode [ '.gitattributes', 438, 420 ]
127 silly gunzTarPerm extractEntry .jshintrc
128 silly gunzTarPerm modified mode [ '.jshintrc', 438, 420 ]
129 silly gunzTarPerm extractEntry .travis.yml
130 silly gunzTarPerm modified mode [ '.travis.yml', 438, 420 ]
131 silly gunzTarPerm extractEntry app/index.js
132 silly gunzTarPerm modified mode [ 'app/index.js', 438, 420 ]
133 silly gunzTarPerm extractEntry app/templates/_services.js
134 silly gunzTarPerm modified mode [ 'app/templates/_services.js', 438, 420 ]
135 silly gunzTarPerm extractEntry app/templates/Gruntfile.js
136 silly gunzTarPerm modified mode [ 'app/templates/Gruntfile.js', 438, 420 ]
137 silly gunzTarPerm extractEntry app/templates/karma-e2e.conf.js
138 silly gunzTarPerm modified mode [ 'app/templates/karma-e2e.conf.js', 438, 420 ]
139 silly gunzTarPerm extractEntry app/templates/karma.conf.js
140 silly gunzTarPerm modified mode [ 'app/templates/karma.conf.js', 438, 420 ]
141 silly gunzTarPerm extractEntry app/templates/_app.js
142 silly gunzTarPerm modified mode [ 'app/templates/_app.js', 438, 420 ]
143 silly gunzTarPerm extractEntry app/templates/_controllers.js
144 silly gunzTarPerm modified mode [ 'app/templates/_controllers.js', 438, 420 ]
145 silly gunzTarPerm extractEntry app/templates/_directives.js
146 silly gunzTarPerm modified mode [ 'app/templates/_directives.js', 438, 420 ]
147 silly gunzTarPerm extractEntry app/templates/_filters.js
148 silly gunzTarPerm modified mode [ 'app/templates/_filters.js', 438, 420 ]
149 silly gunzTarPerm extractEntry app/templates/gitignore
150 silly gunzTarPerm modified mode [ 'app/templates/gitignore', 438, 420 ]
151 silly gunzTarPerm extractEntry app/templates/robots.txt
152 silly gunzTarPerm modified mode [ 'app/templates/robots.txt', 438, 420 ]
153 silly gunzTarPerm extractEntry app/templates/aws-config.json
154 silly gunzTarPerm modified mode [ 'app/templates/aws-config.json', 438, 420 ]
155 silly gunzTarPerm extractEntry app/templates/view1.html
156 silly gunzTarPerm modified mode [ 'app/templates/view1.html', 438, 420 ]
157 silly gunzTarPerm extractEntry app/templates/gitkeep
158 silly gunzTarPerm modified mode [ 'app/templates/gitkeep', 438, 420 ]
159 silly gunzTarPerm extractEntry app/templates/_bower.json
160 silly gunzTarPerm modified mode [ 'app/templates/_bower.json', 438, 420 ]
161 silly gunzTarPerm extractEntry app/templates/app.css
162 silly gunzTarPerm modified mode [ 'app/templates/app.css', 438, 420 ]
163 silly gunzTarPerm extractEntry app/templates/jshintrc
164 silly gunzTarPerm modified mode [ 'app/templates/jshintrc', 438, 420 ]
165 silly gunzTarPerm extractEntry app/templates/editorconfig
166 silly gunzTarPerm modified mode [ 'app/templates/editorconfig', 438, 420 ]
167 silly gunzTarPerm extractEntry app/templates/_index.html
168 silly gunzTarPerm modified mode [ 'app/templates/_index.html', 438, 420 ]
169 silly gunzTarPerm extractEntry app/templates/_package.json
170 silly gunzTarPerm modified mode [ 'app/templates/_package.json', 438, 420 ]
171 silly gunzTarPerm extractEntry app/templates/travis.yml
172 silly gunzTarPerm modified mode [ 'app/templates/travis.yml', 438, 420 ]
173 silly gunzTarPerm extractEntry test/test-creation.js
174 silly gunzTarPerm modified mode [ 'test/test-creation.js', 438, 420 ]
175 silly gunzTarPerm extractEntry test/test-load.js
176 silly gunzTarPerm modified mode [ 'test/test-load.js', 438, 420 ]
177 silly lockFile 033a165b-erator-angularseed-0-1-4-package tar://C:\Users\Vitor\AppData\Roaming\npm-cache\generator-angularseed\0.1.4\package
178 silly lockFile 033a165b-erator-angularseed-0-1-4-package tar://C:\Users\Vitor\AppData\Roaming\npm-cache\generator-angularseed\0.1.4\package
179 silly lockFile b32d5896-or-angularseed-0-1-4-package-tgz tar://C:\Users\Vitor\AppData\Roaming\npm-cache\generator-angularseed\0.1.4\package.tgz
180 silly lockFile b32d5896-or-angularseed-0-1-4-package-tgz tar://C:\Users\Vitor\AppData\Roaming\npm-cache\generator-angularseed\0.1.4\package.tgz
181 verbose chmod C:\Users\Vitor\AppData\Roaming\npm-cache\generator-angularseed\0.1.4\package.tgz 644
182 silly chown skipping for windows C:\Users\Vitor\AppData\Roaming\npm-cache\generator-angularseed\0.1.4\package.tgz
183 silly lockFile 3a52ce78- .
184 silly lockFile 3a52ce78- .
185 silly publish { name: 'generator-angularseed',
185 silly publish   version: '0.1.4',
185 silly publish   description: 'A generator for Angular Seed',
185 silly publish   keywords: [ 'yeoman-generator', 'yo', 'angular', 'seed' ],
185 silly publish   homepage: 'https://github.com/vitorvigano/generator-angularseed',
185 silly publish   bugs: { url: 'https://github.com/vitorvigano/generator-angularseed/issues' },
185 silly publish   author:
185 silly publish    { name: 'Vitor Viganó',
185 silly publish      email: 'vitorvigano@gmail.com',
185 silly publish      url: 'https://github.com/vitorvigano' },
185 silly publish   main: 'app/index.js',
185 silly publish   repository:
185 silly publish    { type: 'git',
185 silly publish      url: 'git://github.com/vitorvigano/generator-angularseed.git' },
185 silly publish   scripts: { test: 'mocha' },
185 silly publish   dependencies: { 'yeoman-generator': '~0.13.0' },
185 silly publish   devDependencies: { mocha: '~1.12.0', grunt: '~0.4.1' },
185 silly publish   peerDependencies: { yo: '>=1.0.0-rc.1' },
185 silly publish   engines: { node: '>=0.8.0', npm: '>=1.2.10' },
185 silly publish   licenses: [ { type: 'MIT' } ],
185 silly publish   readme: '# generator-angularseed [![Build Status](https://secure.travis-ci.org/vitorvigano/generator-angularseed.png?branch=master)](https://travis-ci.org/vitorvigano/generator-angularseed)\n\nA generator for [Yeoman](http://yeoman.io).\n\n\n## Getting Started\n\n### What is Yeoman?\n\nTrick question. It\'s not a thing. It\'s this guy:\n\n![](http://i.imgur.com/JHaAlBJ.png)\n\nBasically, he wears a top hat, lives in your computer, and waits for you to tell him what kind of application you wish to create.\n\nNot every new computer comes with a Yeoman pre-installed. He lives in the [npm](https://npmjs.org) package repository. You only have to ask for him once, then he packs up and moves into your hard drive. *Make sure you clean up, he likes new and shiny things.*\n\n```\n$ npm install -g yo\n```\n\n### Yeoman Generators\n\nYeoman travels light. He didn\'t pack any generators when he moved in. You can think of a generator like a plug-in. You get to choose what type of application you wish to create, such as a Backbone application or even a Chrome extension.\n\nTo install generator-angularseed from npm, run:\n\n```\n$ npm install -g generator-angularseed\n```\n\nFinally, initiate the generator:\n\n```\n$ yo angularseed\n```\n\n### How This Generator Works\n\nThis generator can make a couple of things. Here we go:\n\nTo just build your app, run:\n\n```\n$ grunt build\n```\nA ready-to-deploy version will be created in build folder.\n\n\nTo run your tests using [Karma](http://karma-runner.github.io/0.10/index.html):\n\n```\n$ grunt test\n```\n\nTo run the two tasks as described above, you can use:\n\n```\n$ grunt \n```\n\nFinally, if you want all the tasks as described above plus deploy automatically to [AWS S3](http://aws.amazon.com/en/s3/)\n\n```\n$ grunt-deploy\n```\n\nNote: AWS configurations should be set in the aws-config.json. If you want more informations about the config file, please visit [here](https://github.com/jpillora/grunt-aws) or contact me. I\'ll be happy to help you. :)\n\n### Getting To Know Yeoman\n\nYeoman has a heart of gold. He\'s a person with feelings and opinions, but he\'s very easy to work with. If you think he\'s too opinionated, he can be easily convinced.\n\nIf you\'d like to get to know Yeoman better and meet some of his friends, [Grunt](http://gruntjs.com) and [Bower](http://bower.io), check out the complete [Getting Started Guide](https://github.com/yeoman/yeoman/wiki/Getting-Started).\n\n## License\n\n[MIT License](http://en.wikipedia.org/wiki/MIT_License)\n',
185 silly publish   readmeFilename: 'README.md',
185 silly publish   _id: 'generator-angularseed@0.1.4',
185 silly publish   dist: { shasum: 'a4699aa31f4dd91381a8ef4dc329d6fc00c9ecd5' },
185 silly publish   _from: '.' }
186 verbose url raw generator-angularseed
187 verbose url resolving [ 'https://registry.npmjs.org/', './generator-angularseed' ]
188 verbose url resolved https://registry.npmjs.org/generator-angularseed
189 info trying registry request attempt 1 at 22:05:38
190 http PUT https://registry.npmjs.org/generator-angularseed
191 http 409 https://registry.npmjs.org/generator-angularseed
192 verbose url raw generator-angularseed
193 verbose url resolving [ 'https://registry.npmjs.org/', './generator-angularseed' ]
194 verbose url resolved https://registry.npmjs.org/generator-angularseed
195 info trying registry request attempt 1 at 22:05:39
196 http GET https://registry.npmjs.org/generator-angularseed
197 http 200 https://registry.npmjs.org/generator-angularseed
198 error publish fail Cannot publish over existing version.
198 error publish fail Update the 'version' field in package.json and try again.
198 error publish fail
198 error publish fail If the previous version was published in error, see:
198 error publish fail     npm help unpublish
198 error publish fail
198 error publish fail To automatically increment version numbers, see:
198 error publish fail     npm help version
199 error System Windows_NT 6.1.7601
200 error command "c:\\Program Files\\nodejs\\node.exe" "c:\\Program Files\\nodejs\\node_modules\\npm\\bin\\npm-cli.js" "publish"
201 error cwd d:\generators\generator-angularseed
202 error node -v v0.10.15
203 error npm -v 1.3.5
204 error code EPUBLISHCONFLICT
205 verbose exit [ 1, true ]
